# JRE version: Java(TM) SE Runtime Environment (8.0_151-b12) (build 1.8.0_151-b12)
# Java VM: Java HotSpot(TM) 64-Bit Server VM (25.151-b12 mixed mode windows-amd64 compressed oops)
Heap:
 PSYoungGen      total 157184K, used 47687K [0x00000000d5f80000, 0x00000000e3c80000, 0x0000000100000000)
  eden space 154624K, 29% used [0x00000000d5f80000,0x00000000d8bdfa58,0x00000000df680000)
  from space 2560K, 87% used [0x00000000e3780000,0x00000000e39b2430,0x00000000e3a00000)
  to   space 2560K, 0% used [0x00000000e3a00000,0x00000000e3a00000,0x00000000e3c80000)
 ParOldGen       total 67072K, used 23020K [0x0000000081e00000, 0x0000000085f80000, 0x00000000d5f80000)
  object space 67072K, 34% used [0x0000000081e00000,0x000000008347b398,0x0000000085f80000)
 Metaspace       used 32548K, capacity 32784K, committed 33324K, reserved 1079296K
  class space    used 4067K, capacity 4140K, committed 4140K, reserved 1048576K
GC Heap History (10 events):
Event: 64.281 GC heap before
{Heap before GC invocations=352 (full 2):
 PSYoungGen      total 183808K, used 183529K [0x00000000d5f80000, 0x00000000e3f80000, 0x0000000100000000)
  eden space 181248K, 100% used [0x00000000d5f80000,0x00000000e1080000,0x00000000e1080000)
  from space 2560K, 89% used [0x00000000e3a80000,0x00000000e3cba430,0x00000000e3d00000)
  to   space 2560K, 0% used [0x00000000e3d00000,0x00000000e3d00000,0x00000000e3f80000)
 ParOldGen       total 62464K, used 60432K [0x0000000081e00000, 0x0000000085b00000, 0x00000000d5f80000)
  object space 62464K, 96% used [0x0000000081e00000,0x0000000085904178,0x0000000085b00000)
 Metaspace       used 32545K, capacity 32784K, committed 33324K, reserved 1079296K
  class space    used 4067K, capacity 4140K, committed 4140K, reserved 1048576K
Event: 64.283 GC heap after
Heap after GC invocations=352 (full 2):
 PSYoungGen      total 176640K, used 2313K [0x00000000d5f80000, 0x00000000e3f80000, 0x0000000100000000)
  eden space 174080K, 0% used [0x00000000d5f80000,0x00000000d5f80000,0x00000000e0980000)
  from space 2560K, 90% used [0x00000000e3d00000,0x00000000e3f42430,0x00000000e3f80000)
  to   space 3072K, 0% used [0x00000000e3980000,0x00000000e3980000,0x00000000e3c80000)
 ParOldGen       total 62464K, used 60448K [0x0000000081e00000, 0x0000000085b00000, 0x00000000d5f80000)
  object space 62464K, 96% used [0x0000000081e00000,0x0000000085908178,0x0000000085b00000)
 Metaspace       used 32545K, capacity 32784K, committed 33324K, reserved 1079296K
  class space    used 4067K, capacity 4140K, committed 4140K, reserved 1048576K
}
Event: 64.522 GC heap before
{Heap before GC invocations=353 (full 2):
 PSYoungGen      total 176640K, used 176393K [0x00000000d5f80000, 0x00000000e3f80000, 0x0000000100000000)
  eden space 174080K, 100% used [0x00000000d5f80000,0x00000000e0980000,0x00000000e0980000)
  from space 2560K, 90% used [0x00000000e3d00000,0x00000000e3f42430,0x00000000e3f80000)
  to   space 3072K, 0% used [0x00000000e3980000,0x00000000e3980000,0x00000000e3c80000)
 ParOldGen       total 62464K, used 60448K [0x0000000081e00000, 0x0000000085b00000, 0x00000000d5f80000)
  object space 62464K, 96% used [0x0000000081e00000,0x0000000085908178,0x0000000085b00000)
 Metaspace       used 32546K, capacity 32784K, committed 33324K, reserved 1079296K
  class space    used 4067K, capacity 4140K, committed 4140K, reserved 1048576K
Event: 64.524 GC heap after
Heap after GC invocations=353 (full 2):
 PSYoungGen      total 169984K, used 2281K [0x00000000d5f80000, 0x00000000e3d80000, 0x0000000100000000)
  eden space 167424K, 0% used [0x00000000d5f80000,0x00000000d5f80000,0x00000000e0300000)
  from space 2560K, 89% used [0x00000000e3980000,0x00000000e3bba430,0x00000000e3c00000)
  to   space 1536K, 0% used [0x00000000e3c00000,0x00000000e3c00000,0x00000000e3d80000)
 ParOldGen       total 62464K, used 60549K [0x0000000081e00000, 0x0000000085b00000, 0x00000000d5f80000)
  object space 62464K, 96% used [0x0000000081e00000,0x0000000085921738,0x0000000085b00000)
 Metaspace       used 32546K, capacity 32784K, committed 33324K, reserved 1079296K
  class space    used 4067K, capacity 4140K, committed 4140K, reserved 1048576K
}
Event: 64.754 GC heap before
{Heap before GC invocations=354 (full 2):
 PSYoungGen      total 169984K, used 169705K [0x00000000d5f80000, 0x00000000e3d80000, 0x0000000100000000)
  eden space 167424K, 100% used [0x00000000d5f80000,0x00000000e0300000,0x00000000e0300000)
  from space 2560K, 89% used [0x00000000e3980000,0x00000000e3bba430,0x00000000e3c00000)
  to   space 1536K, 0% used [0x00000000e3c00000,0x00000000e3c00000,0x00000000e3d80000)
 ParOldGen       total 62464K, used 60549K [0x0000000081e00000, 0x0000000085b00000, 0x00000000d5f80000)
  object space 62464K, 96% used [0x0000000081e00000,0x0000000085921738,0x0000000085b00000)
 Metaspace       used 32546K, capacity 32784K, committed 33324K, reserved 1079296K
  class space    used 4067K, capacity 4140K, committed 4140K, reserved 1048576K
Event: 64.755 GC heap after
Heap after GC invocations=354 (full 2):
 PSYoungGen      total 162304K, used 1510K [0x00000000d5f80000, 0x00000000e3d80000, 0x0000000100000000)
  eden space 160768K, 0% used [0x00000000d5f80000,0x00000000d5f80000,0x00000000dfc80000)
  from space 1536K, 98% used [0x00000000e3c00000,0x00000000e3d79820,0x00000000e3d80000)
  to   space 3072K, 0% used [0x00000000e3780000,0x00000000e3780000,0x00000000e3a80000)
 ParOldGen       total 62464K, used 61240K [0x0000000081e00000, 0x0000000085b00000, 0x00000000d5f80000)
  object space 62464K, 98% used [0x0000000081e00000,0x00000000859ce348,0x0000000085b00000)
 Metaspace       used 32546K, capacity 32784K, committed 33324K, reserved 1079296K
  class space    used 4067K, capacity 4140K, committed 4140K, reserved 1048576K
}
Event: 64.755 GC heap before
{Heap before GC invocations=355 (full 3):
 PSYoungGen      total 162304K, used 1510K [0x00000000d5f80000, 0x00000000e3d80000, 0x0000000100000000)
  eden space 160768K, 0% used [0x00000000d5f80000,0x00000000d5f80000,0x00000000dfc80000)
  from space 1536K, 98% used [0x00000000e3c00000,0x00000000e3d79820,0x00000000e3d80000)
  to   space 3072K, 0% used [0x00000000e3780000,0x00000000e3780000,0x00000000e3a80000)
 ParOldGen       total 62464K, used 61240K [0x0000000081e00000, 0x0000000085b00000, 0x00000000d5f80000)
  object space 62464K, 98% used [0x0000000081e00000,0x00000000859ce348,0x0000000085b00000)
 Metaspace       used 32546K, capacity 32784K, committed 33324K, reserved 1079296K
  class space    used 4067K, capacity 4140K, committed 4140K, reserved 1048576K
Event: 64.839 GC heap after
Heap after GC invocations=355 (full 3):
 PSYoungGen      total 162304K, used 0K [0x00000000d5f80000, 0x00000000e3d80000, 0x0000000100000000)
  eden space 160768K, 0% used [0x00000000d5f80000,0x00000000d5f80000,0x00000000dfc80000)
  from space 1536K, 0% used [0x00000000e3c00000,0x00000000e3c00000,0x00000000e3d80000)
  to   space 3072K, 0% used [0x00000000e3780000,0x00000000e3780000,0x00000000e3a80000)
 ParOldGen       total 67072K, used 23020K [0x0000000081e00000, 0x0000000085f80000, 0x00000000d5f80000)
  object space 67072K, 34% used [0x0000000081e00000,0x000000008347b398,0x0000000085f80000)
 Metaspace       used 32546K, capacity 32784K, committed 33324K, reserved 1079296K
  class space    used 4067K, capacity 4140K, committed 4140K, reserved 1048576K
}
Event: 65.064 GC heap before
{Heap before GC invocations=356 (full 3):
 PSYoungGen      total 162304K, used 160768K [0x00000000d5f80000, 0x00000000e3d80000, 0x0000000100000000)
  eden space 160768K, 100% used [0x00000000d5f80000,0x00000000dfc80000,0x00000000dfc80000)
  from space 1536K, 0% used [0x00000000e3c00000,0x00000000e3c00000,0x00000000e3d80000)
  to   space 3072K, 0% used [0x00000000e3780000,0x00000000e3780000,0x00000000e3a80000)
 ParOldGen       total 67072K, used 23020K [0x0000000081e00000, 0x0000000085f80000, 0x00000000d5f80000)
  object space 67072K, 34% used [0x0000000081e00000,0x000000008347b398,0x0000000085f80000)
 Metaspace       used 32546K, capacity 32784K, committed 33324K, reserved 1079296K
  class space    used 4067K, capacity 4140K, committed 4140K, reserved 1048576K
Event: 65.065 GC heap after
Heap after GC invocations=356 (full 3):
 PSYoungGen      total 157184K, used 2249K [0x00000000d5f80000, 0x00000000e3c80000, 0x0000000100000000)
  eden space 154624K, 0% used [0x00000000d5f80000,0x00000000d5f80000,0x00000000df680000)
  from space 2560K, 87% used [0x00000000e3780000,0x00000000e39b2430,0x00000000e3a00000)
  to   space 2560K, 0% used [0x00000000e3a00000,0x00000000e3a00000,0x00000000e3c80000)
 ParOldGen       total 67072K, used 23020K [0x0000000081e00000, 0x0000000085f80000, 0x00000000d5f80000)
  object space 67072K, 34% used [0x0000000081e00000,0x000000008347b398,0x0000000085f80000)
 Metaspace       used 32546K, capacity 32784K, committed 33324K, reserved 1079296K
  class space    used 4067K, capacity 4140K, committed 4140K, reserved 1048576K
}

