# JRE version: Java(TM) SE Runtime Environment (8.0_60-b27) (build 1.8.0_60-b27)
# Java VM: Java HotSpot(TM) 64-Bit Server VM (25.60-b23 mixed mode windows-amd64 compressed oops)
Heap:
 PSYoungGen      total 34304K, used 2203K [0x00000000e0900000, 0x00000000e5000000, 0x0000000100000000)
  eden space 33792K, 6% used [0x00000000e0900000,0x00000000e0b16ee8,0x00000000e2a00000)
  from space 512K, 12% used [0x00000000e4f80000,0x00000000e4f90000,0x00000000e5000000)
  to   space 512K, 0% used [0x00000000e4f00000,0x00000000e4f00000,0x00000000e4f80000)
 ParOldGen       total 65536K, used 24229K [0x00000000a1a00000, 0x00000000a5a00000, 0x00000000e0900000)
  object space 65536K, 36% used [0x00000000a1a00000,0x00000000a31a9468,0x00000000a5a00000)
 Metaspace       used 23940K, capacity 24316K, committed 24576K, reserved 1071104K
  class space    used 2864K, capacity 2974K, committed 3072K, reserved 1048576K
GC Heap History (10 events):
Event: 111.556 GC heap before
{Heap before GC invocations=625 (full 4):
 PSYoungGen      total 39424K, used 39008K [0x00000000e0900000, 0x00000000e5000000, 0x0000000100000000)
  eden space 38912K, 100% used [0x00000000e0900000,0x00000000e2f00000,0x00000000e2f00000)
  from space 512K, 18% used [0x00000000e4f80000,0x00000000e4f98000,0x00000000e5000000)
  to   space 512K, 0% used [0x00000000e4f00000,0x00000000e4f00000,0x00000000e4f80000)
 ParOldGen       total 65536K, used 24085K [0x00000000a1a00000, 0x00000000a5a00000, 0x00000000e0900000)
  object space 65536K, 36% used [0x00000000a1a00000,0x00000000a3185730,0x00000000a5a00000)
 Metaspace       used 23743K, capacity 24188K, committed 24576K, reserved 1071104K
  class space    used 2838K, capacity 2974K, committed 3072K, reserved 1048576K
Event: 111.557 GC heap after
Heap after GC invocations=625 (full 4):
 PSYoungGen      total 38400K, used 96K [0x00000000e0900000, 0x00000000e5000000, 0x0000000100000000)
  eden space 37888K, 0% used [0x00000000e0900000,0x00000000e0900000,0x00000000e2e00000)
  from space 512K, 18% used [0x00000000e4f00000,0x00000000e4f18000,0x00000000e4f80000)
  to   space 512K, 0% used [0x00000000e4f80000,0x00000000e4f80000,0x00000000e5000000)
 ParOldGen       total 65536K, used 24085K [0x00000000a1a00000, 0x00000000a5a00000, 0x00000000e0900000)
  object space 65536K, 36% used [0x00000000a1a00000,0x00000000a3185730,0x00000000a5a00000)
 Metaspace       used 23743K, capacity 24188K, committed 24576K, reserved 1071104K
  class space    used 2838K, capacity 2974K, committed 3072K, reserved 1048576K
}
Event: 111.690 GC heap before
{Heap before GC invocations=626 (full 4):
 PSYoungGen      total 38400K, used 37984K [0x00000000e0900000, 0x00000000e5000000, 0x0000000100000000)
  eden space 37888K, 100% used [0x00000000e0900000,0x00000000e2e00000,0x00000000e2e00000)
  from space 512K, 18% used [0x00000000e4f00000,0x00000000e4f18000,0x00000000e4f80000)
  to   space 512K, 0% used [0x00000000e4f80000,0x00000000e4f80000,0x00000000e5000000)
 ParOldGen       total 65536K, used 24085K [0x00000000a1a00000, 0x00000000a5a00000, 0x00000000e0900000)
  object space 65536K, 36% used [0x00000000a1a00000,0x00000000a3185730,0x00000000a5a00000)
 Metaspace       used 23743K, capacity 24188K, committed 24576K, reserved 1071104K
  class space    used 2838K, capacity 2974K, committed 3072K, reserved 1048576K
Event: 111.691 GC heap after
Heap after GC invocations=626 (full 4):
 PSYoungGen      total 37376K, used 189K [0x00000000e0900000, 0x00000000e5000000, 0x0000000100000000)
  eden space 36864K, 0% used [0x00000000e0900000,0x00000000e0900000,0x00000000e2d00000)
  from space 512K, 37% used [0x00000000e4f80000,0x00000000e4faf618,0x00000000e5000000)
  to   space 512K, 0% used [0x00000000e4f00000,0x00000000e4f00000,0x00000000e4f80000)
 ParOldGen       total 65536K, used 24085K [0x00000000a1a00000, 0x00000000a5a00000, 0x00000000e0900000)
  object space 65536K, 36% used [0x00000000a1a00000,0x00000000a3185730,0x00000000a5a00000)
 Metaspace       used 23743K, capacity 24188K, committed 24576K, reserved 1071104K
  class space    used 2838K, capacity 2974K, committed 3072K, reserved 1048576K
}
Event: 111.860 GC heap before
{Heap before GC invocations=627 (full 4):
 PSYoungGen      total 37376K, used 37053K [0x00000000e0900000, 0x00000000e5000000, 0x0000000100000000)
  eden space 36864K, 100% used [0x00000000e0900000,0x00000000e2d00000,0x00000000e2d00000)
  from space 512K, 37% used [0x00000000e4f80000,0x00000000e4faf618,0x00000000e5000000)
  to   space 512K, 0% used [0x00000000e4f00000,0x00000000e4f00000,0x00000000e4f80000)
 ParOldGen       total 65536K, used 24085K [0x00000000a1a00000, 0x00000000a5a00000, 0x00000000e0900000)
  object space 65536K, 36% used [0x00000000a1a00000,0x00000000a3185730,0x00000000a5a00000)
 Metaspace       used 23850K, capacity 24252K, committed 24576K, reserved 1071104K
  class space    used 2850K, capacity 2974K, committed 3072K, reserved 1048576K
Event: 111.861 GC heap after
Heap after GC invocations=627 (full 4):
 PSYoungGen      total 36352K, used 160K [0x00000000e0900000, 0x00000000e5000000, 0x0000000100000000)
  eden space 35840K, 0% used [0x00000000e0900000,0x00000000e0900000,0x00000000e2c00000)
  from space 512K, 31% used [0x00000000e4f00000,0x00000000e4f28000,0x00000000e4f80000)
  to   space 512K, 0% used [0x00000000e4f80000,0x00000000e4f80000,0x00000000e5000000)
 ParOldGen       total 65536K, used 24173K [0x00000000a1a00000, 0x00000000a5a00000, 0x00000000e0900000)
  object space 65536K, 36% used [0x00000000a1a00000,0x00000000a319b468,0x00000000a5a00000)
 Metaspace       used 23850K, capacity 24252K, committed 24576K, reserved 1071104K
  class space    used 2850K, capacity 2974K, committed 3072K, reserved 1048576K
}
Event: 112.313 GC heap before
{Heap before GC invocations=628 (full 4):
 PSYoungGen      total 36352K, used 36000K [0x00000000e0900000, 0x00000000e5000000, 0x0000000100000000)
  eden space 35840K, 100% used [0x00000000e0900000,0x00000000e2c00000,0x00000000e2c00000)
  from space 512K, 31% used [0x00000000e4f00000,0x00000000e4f28000,0x00000000e4f80000)
  to   space 512K, 0% used [0x00000000e4f80000,0x00000000e4f80000,0x00000000e5000000)
 ParOldGen       total 65536K, used 24173K [0x00000000a1a00000, 0x00000000a5a00000, 0x00000000e0900000)
  object space 65536K, 36% used [0x00000000a1a00000,0x00000000a319b468,0x00000000a5a00000)
 Metaspace       used 23940K, capacity 24316K, committed 24576K, reserved 1071104K
  class space    used 2864K, capacity 2974K, committed 3072K, reserved 1048576K
Event: 112.314 GC heap after
Heap after GC invocations=628 (full 4):
 PSYoungGen      total 35328K, used 160K [0x00000000e0900000, 0x00000000e5000000, 0x0000000100000000)
  eden space 34816K, 0% used [0x00000000e0900000,0x00000000e0900000,0x00000000e2b00000)
  from space 512K, 31% used [0x00000000e4f80000,0x00000000e4fa8000,0x00000000e5000000)
  to   space 512K, 0% used [0x00000000e4f00000,0x00000000e4f00000,0x00000000e4f80000)
 ParOldGen       total 65536K, used 24197K [0x00000000a1a00000, 0x00000000a5a00000, 0x00000000e0900000)
  object space 65536K, 36% used [0x00000000a1a00000,0x00000000a31a1468,0x00000000a5a00000)
 Metaspace       used 23940K, capacity 24316K, committed 24576K, reserved 1071104K
  class space    used 2864K, capacity 2974K, committed 3072K, reserved 1048576K
}
Event: 112.749 GC heap before
{Heap before GC invocations=629 (full 4):
 PSYoungGen      total 35328K, used 34976K [0x00000000e0900000, 0x00000000e5000000, 0x0000000100000000)
  eden space 34816K, 100% used [0x00000000e0900000,0x00000000e2b00000,0x00000000e2b00000)
  from space 512K, 31% used [0x00000000e4f80000,0x00000000e4fa8000,0x00000000e5000000)
  to   space 512K, 0% used [0x00000000e4f00000,0x00000000e4f00000,0x00000000e4f80000)
 ParOldGen       total 65536K, used 24197K [0x00000000a1a00000, 0x00000000a5a00000, 0x00000000e0900000)
  object space 65536K, 36% used [0x00000000a1a00000,0x00000000a31a1468,0x00000000a5a00000)
 Metaspace       used 23940K, capacity 24316K, committed 24576K, reserved 1071104K
  class space    used 2864K, capacity 2974K, committed 3072K, reserved 1048576K
Event: 112.750 GC heap after
Heap after GC invocations=629 (full 4):
 PSYoungGen      total 34816K, used 64K [0x00000000e0900000, 0x00000000e5000000, 0x0000000100000000)
  eden space 34304K, 0% used [0x00000000e0900000,0x00000000e0900000,0x00000000e2a80000)
  from space 512K, 12% used [0x00000000e4f00000,0x00000000e4f10000,0x00000000e4f80000)
  to   space 512K, 0% used [0x00000000e4f80000,0x00000000e4f80000,0x00000000e5000000)
 ParOldGen       total 65536K, used 24221K [0x00000000a1a00000, 0x00000000a5a00000, 0x00000000e0900000)
  object space 65536K, 36% used [0x00000000a1a00000,0x00000000a31a7468,0x00000000a5a00000)
 Metaspace       used 23940K, capacity 24316K, committed 24576K, reserved 1071104K
  class space    used 2864K, capacity 2974K, committed 3072K, reserved 1048576K
}

