# JRE version: Java(TM) SE Runtime Environment (8.0_151-b12) (build 1.8.0_151-b12)
# Java VM: Java HotSpot(TM) 64-Bit Server VM (25.151-b12 mixed mode windows-amd64 compressed oops)
Heap:
 PSYoungGen      total 69632K, used 69148K [0x00000000d5f80000, 0x00000000ddd80000, 0x0000000100000000)
  eden space 69120K, 99% used [0x00000000d5f80000,0x00000000da2df0a0,0x00000000da300000)
  from space 512K, 31% used [0x00000000ddd00000,0x00000000ddd28000,0x00000000ddd80000)
  to   space 512K, 0% used [0x00000000ddc80000,0x00000000ddc80000,0x00000000ddd00000)
 ParOldGen       total 87552K, used 34390K [0x0000000081e00000, 0x0000000087380000, 0x00000000d5f80000)
  object space 87552K, 39% used [0x0000000081e00000,0x0000000083f958b8,0x0000000087380000)
 Metaspace       used 20301K, capacity 20608K, committed 21120K, reserved 1067008K
  class space    used 2454K, capacity 2564K, committed 2688K, reserved 1048576K
GC Heap History (10 events):
Event: 405.541 GC heap before
{Heap before GC invocations=3954 (full 2):
 PSYoungGen      total 59904K, used 59552K [0x00000000d5f80000, 0x00000000ddd80000, 0x0000000100000000)
  eden space 59392K, 100% used [0x00000000d5f80000,0x00000000d9980000,0x00000000d9980000)
  from space 512K, 31% used [0x00000000ddc80000,0x00000000ddca8000,0x00000000ddd00000)
  to   space 512K, 0% used [0x00000000ddd00000,0x00000000ddd00000,0x00000000ddd80000)
 ParOldGen       total 87552K, used 34102K [0x0000000081e00000, 0x0000000087380000, 0x00000000d5f80000)
  object space 87552K, 38% used [0x0000000081e00000,0x0000000083f4d8b8,0x0000000087380000)
 Metaspace       used 20087K, capacity 20352K, committed 20736K, reserved 1067008K
  class space    used 2416K, capacity 2500K, committed 2560K, reserved 1048576K
Event: 405.542 GC heap after
Heap after GC invocations=3954 (full 2):
 PSYoungGen      total 58368K, used 128K [0x00000000d5f80000, 0x00000000ddd80000, 0x0000000100000000)
  eden space 57856K, 0% used [0x00000000d5f80000,0x00000000d5f80000,0x00000000d9800000)
  from space 512K, 25% used [0x00000000ddd00000,0x00000000ddd20000,0x00000000ddd80000)
  to   space 512K, 0% used [0x00000000ddc80000,0x00000000ddc80000,0x00000000ddd00000)
 ParOldGen       total 87552K, used 34126K [0x0000000081e00000, 0x0000000087380000, 0x00000000d5f80000)
  object space 87552K, 38% used [0x0000000081e00000,0x0000000083f538b8,0x0000000087380000)
 Metaspace       used 20087K, capacity 20352K, committed 20736K, reserved 1067008K
  class space    used 2416K, capacity 2500K, committed 2560K, reserved 1048576K
}
Event: 405.660 GC heap before
{Heap before GC invocations=3955 (full 2):
 PSYoungGen      total 58368K, used 57984K [0x00000000d5f80000, 0x00000000ddd80000, 0x0000000100000000)
  eden space 57856K, 100% used [0x00000000d5f80000,0x00000000d9800000,0x00000000d9800000)
  from space 512K, 25% used [0x00000000ddd00000,0x00000000ddd20000,0x00000000ddd80000)
  to   space 512K, 0% used [0x00000000ddc80000,0x00000000ddc80000,0x00000000ddd00000)
 ParOldGen       total 87552K, used 34126K [0x0000000081e00000, 0x0000000087380000, 0x00000000d5f80000)
  object space 87552K, 38% used [0x0000000081e00000,0x0000000083f538b8,0x0000000087380000)
 Metaspace       used 20087K, capacity 20352K, committed 20736K, reserved 1067008K
  class space    used 2416K, capacity 2500K, committed 2560K, reserved 1048576K
Event: 405.661 GC heap after
Heap after GC invocations=3955 (full 2):
 PSYoungGen      total 56832K, used 128K [0x00000000d5f80000, 0x00000000ddd80000, 0x0000000100000000)
  eden space 56320K, 0% used [0x00000000d5f80000,0x00000000d5f80000,0x00000000d9680000)
  from space 512K, 25% used [0x00000000ddc80000,0x00000000ddca0000,0x00000000ddd00000)
  to   space 512K, 0% used [0x00000000ddd00000,0x00000000ddd00000,0x00000000ddd80000)
 ParOldGen       total 87552K, used 34134K [0x0000000081e00000, 0x0000000087380000, 0x00000000d5f80000)
  object space 87552K, 38% used [0x0000000081e00000,0x0000000083f558b8,0x0000000087380000)
 Metaspace       used 20087K, capacity 20352K, committed 20736K, reserved 1067008K
  class space    used 2416K, capacity 2500K, committed 2560K, reserved 1048576K
}
Event: 405.793 GC heap before
{Heap before GC invocations=3956 (full 2):
 PSYoungGen      total 56832K, used 56448K [0x00000000d5f80000, 0x00000000ddd80000, 0x0000000100000000)
  eden space 56320K, 100% used [0x00000000d5f80000,0x00000000d9680000,0x00000000d9680000)
  from space 512K, 25% used [0x00000000ddc80000,0x00000000ddca0000,0x00000000ddd00000)
  to   space 512K, 0% used [0x00000000ddd00000,0x00000000ddd00000,0x00000000ddd80000)
 ParOldGen       total 87552K, used 34134K [0x0000000081e00000, 0x0000000087380000, 0x00000000d5f80000)
  object space 87552K, 38% used [0x0000000081e00000,0x0000000083f558b8,0x0000000087380000)
 Metaspace       used 20087K, capacity 20352K, committed 20736K, reserved 1067008K
  class space    used 2416K, capacity 2500K, committed 2560K, reserved 1048576K
Event: 405.795 GC heap after
Heap after GC invocations=3956 (full 2):
 PSYoungGen      total 55296K, used 160K [0x00000000d5f80000, 0x00000000ddd80000, 0x0000000100000000)
  eden space 54784K, 0% used [0x00000000d5f80000,0x00000000d5f80000,0x00000000d9500000)
  from space 512K, 31% used [0x00000000ddd00000,0x00000000ddd28000,0x00000000ddd80000)
  to   space 512K, 0% used [0x00000000ddc80000,0x00000000ddc80000,0x00000000ddd00000)
 ParOldGen       total 87552K, used 34134K [0x0000000081e00000, 0x0000000087380000, 0x00000000d5f80000)
  object space 87552K, 38% used [0x0000000081e00000,0x0000000083f558b8,0x0000000087380000)
 Metaspace       used 20087K, capacity 20352K, committed 20736K, reserved 1067008K
  class space    used 2416K, capacity 2500K, committed 2560K, reserved 1048576K
}
Event: 405.925 GC heap before
{Heap before GC invocations=3957 (full 2):
 PSYoungGen      total 55296K, used 54944K [0x00000000d5f80000, 0x00000000ddd80000, 0x0000000100000000)
  eden space 54784K, 100% used [0x00000000d5f80000,0x00000000d9500000,0x00000000d9500000)
  from space 512K, 31% used [0x00000000ddd00000,0x00000000ddd28000,0x00000000ddd80000)
  to   space 512K, 0% used [0x00000000ddc80000,0x00000000ddc80000,0x00000000ddd00000)
 ParOldGen       total 87552K, used 34134K [0x0000000081e00000, 0x0000000087380000, 0x00000000d5f80000)
  object space 87552K, 38% used [0x0000000081e00000,0x0000000083f558b8,0x0000000087380000)
 Metaspace       used 20087K, capacity 20352K, committed 20736K, reserved 1067008K
  class space    used 2416K, capacity 2500K, committed 2560K, reserved 1048576K
Event: 405.926 GC heap after
Heap after GC invocations=3957 (full 2):
 PSYoungGen      total 53760K, used 160K [0x00000000d5f80000, 0x00000000ddd80000, 0x0000000100000000)
  eden space 53248K, 0% used [0x00000000d5f80000,0x00000000d5f80000,0x00000000d9380000)
  from space 512K, 31% used [0x00000000ddc80000,0x00000000ddca8000,0x00000000ddd00000)
  to   space 512K, 0% used [0x00000000ddd00000,0x00000000ddd00000,0x00000000ddd80000)
 ParOldGen       total 87552K, used 34134K [0x0000000081e00000, 0x0000000087380000, 0x00000000d5f80000)
  object space 87552K, 38% used [0x0000000081e00000,0x0000000083f558b8,0x0000000087380000)
 Metaspace       used 20087K, capacity 20352K, committed 20736K, reserved 1067008K
  class space    used 2416K, capacity 2500K, committed 2560K, reserved 1048576K
}
Event: 406.069 GC heap before
{Heap before GC invocations=3958 (full 2):
 PSYoungGen      total 53760K, used 53408K [0x00000000d5f80000, 0x00000000ddd80000, 0x0000000100000000)
  eden space 53248K, 100% used [0x00000000d5f80000,0x00000000d9380000,0x00000000d9380000)
  from space 512K, 31% used [0x00000000ddc80000,0x00000000ddca8000,0x00000000ddd00000)
  to   space 512K, 0% used [0x00000000ddd00000,0x00000000ddd00000,0x00000000ddd80000)
 ParOldGen       total 87552K, used 34134K [0x0000000081e00000, 0x0000000087380000, 0x00000000d5f80000)
  object space 87552K, 38% used [0x0000000081e00000,0x0000000083f558b8,0x0000000087380000)
 Metaspace       used 20087K, capacity 20352K, committed 20736K, reserved 1067008K
  class space    used 2416K, capacity 2500K, committed 2560K, reserved 1048576K
Event: 406.070 GC heap after
Heap after GC invocations=3958 (full 2):
 PSYoungGen      total 52224K, used 192K [0x00000000d5f80000, 0x00000000ddd80000, 0x0000000100000000)
  eden space 51712K, 0% used [0x00000000d5f80000,0x00000000d5f80000,0x00000000d9200000)
  from space 512K, 37% used [0x00000000ddd00000,0x00000000ddd30000,0x00000000ddd80000)
  to   space 512K, 0% used [0x00000000ddc80000,0x00000000ddc80000,0x00000000ddd00000)
 ParOldGen       total 87552K, used 34142K [0x0000000081e00000, 0x0000000087380000, 0x00000000d5f80000)
  object space 87552K, 38% used [0x0000000081e00000,0x0000000083f578b8,0x0000000087380000)
 Metaspace       used 20087K, capacity 20352K, committed 20736K, reserved 1067008K
  class space    used 2416K, capacity 2500K, committed 2560K, reserved 1048576K
}

