# JRE version: Java(TM) SE Runtime Environment (8.0_05-b13) (build 1.8.0_05-b13)
# Java VM: Java HotSpot(TM) 64-Bit Server VM (25.5-b02 mixed mode windows-amd64 compressed oops)
Heap:
 PSYoungGen      total 4608K, used 4434K [0x00000000d5f80000, 0x00000000d6580000, 0x0000000100000000)
  eden space 3072K, 100% used [0x00000000d5f80000,0x00000000d6280000,0x00000000d6280000)
  from space 1536K, 88% used [0x00000000d6400000,0x00000000d6554ab0,0x00000000d6580000)
  to   space 1536K, 0% used [0x00000000d6280000,0x00000000d6280000,0x00000000d6400000)
 ParOldGen       total 129536K, used 1299K [0x0000000081e00000, 0x0000000089c80000, 0x00000000d5f80000)
  object space 129536K, 1% used [0x0000000081e00000,0x0000000081f44cb0,0x0000000089c80000)
 Metaspace       used 12012K, capacity 12124K, committed 12416K, reserved 1060864K
  class space    used 1568K, capacity 1596K, committed 1664K, reserved 1048576K
GC Heap History (10 events):
Event: 0.455 GC heap before
{Heap before GC invocations=4 (full 0):
 PSYoungGen      total 1024K, used 1008K [0x00000000d5f80000, 0x00000000d6180000, 0x0000000100000000)
  eden space 512K, 100% used [0x00000000d5f80000,0x00000000d6000000,0x00000000d6000000)
  from space 512K, 96% used [0x00000000d6000000,0x00000000d607c010,0x00000000d6080000)
  to   space 512K, 0% used [0x00000000d6100000,0x00000000d6100000,0x00000000d6180000)
 ParOldGen       total 129536K, used 262K [0x0000000081e00000, 0x0000000089c80000, 0x00000000d5f80000)
  object space 129536K, 0% used [0x0000000081e00000,0x0000000081e41868,0x0000000089c80000)
 Metaspace       used 4882K, capacity 4950K, committed 5248K, reserved 1056768K
  class space    used 551K, capacity 586K, committed 640K, reserved 1048576K
Event: 0.456 GC heap after
Heap after GC invocations=4 (full 0):
 PSYoungGen      total 1536K, used 480K [0x00000000d5f80000, 0x00000000d6180000, 0x0000000100000000)
  eden space 1024K, 0% used [0x00000000d5f80000,0x00000000d5f80000,0x00000000d6080000)
  from space 512K, 93% used [0x00000000d6100000,0x00000000d6178020,0x00000000d6180000)
  to   space 512K, 0% used [0x00000000d6080000,0x00000000d6080000,0x00000000d6100000)
 ParOldGen       total 129536K, used 462K [0x0000000081e00000, 0x0000000089c80000, 0x00000000d5f80000)
  object space 129536K, 0% used [0x0000000081e00000,0x0000000081e73868,0x0000000089c80000)
 Metaspace       used 4882K, capacity 4950K, committed 5248K, reserved 1056768K
  class space    used 551K, capacity 586K, committed 640K, reserved 1048576K
}
Event: 0.521 GC heap before
{Heap before GC invocations=5 (full 0):
 PSYoungGen      total 1536K, used 1504K [0x00000000d5f80000, 0x00000000d6180000, 0x0000000100000000)
  eden space 1024K, 99% used [0x00000000d5f80000,0x00000000d607ffe8,0x00000000d6080000)
  from space 512K, 93% used [0x00000000d6100000,0x00000000d6178020,0x00000000d6180000)
  to   space 512K, 0% used [0x00000000d6080000,0x00000000d6080000,0x00000000d6100000)
 ParOldGen       total 129536K, used 462K [0x0000000081e00000, 0x0000000089c80000, 0x00000000d5f80000)
  object space 129536K, 0% used [0x0000000081e00000,0x0000000081e73868,0x0000000089c80000)
 Metaspace       used 5923K, capacity 6034K, committed 6144K, reserved 1056768K
  class space    used 676K, capacity 724K, committed 768K, reserved 1048576K
Event: 0.526 GC heap after
Heap after GC invocations=5 (full 0):
 PSYoungGen      total 1536K, used 480K [0x00000000d5f80000, 0x00000000d6380000, 0x0000000100000000)
  eden space 1024K, 0% used [0x00000000d5f80000,0x00000000d5f80000,0x00000000d6080000)
  from space 512K, 93% used [0x00000000d6080000,0x00000000d60f8020,0x00000000d6100000)
  to   space 1024K, 0% used [0x00000000d6280000,0x00000000d6280000,0x00000000d6380000)
 ParOldGen       total 129536K, used 782K [0x0000000081e00000, 0x0000000089c80000, 0x00000000d5f80000)
  object space 129536K, 0% used [0x0000000081e00000,0x0000000081ec3868,0x0000000089c80000)
 Metaspace       used 5923K, capacity 6034K, committed 6144K, reserved 1056768K
  class space    used 676K, capacity 724K, committed 768K, reserved 1048576K
}
Event: 4.237 GC heap before
{Heap before GC invocations=6 (full 0):
 PSYoungGen      total 1536K, used 1504K [0x00000000d5f80000, 0x00000000d6380000, 0x0000000100000000)
  eden space 1024K, 100% used [0x00000000d5f80000,0x00000000d6080000,0x00000000d6080000)
  from space 512K, 93% used [0x00000000d6080000,0x00000000d60f8020,0x00000000d6100000)
  to   space 1024K, 0% used [0x00000000d6280000,0x00000000d6280000,0x00000000d6380000)
 ParOldGen       total 129536K, used 782K [0x0000000081e00000, 0x0000000089c80000, 0x00000000d5f80000)
  object space 129536K, 0% used [0x0000000081e00000,0x0000000081ec3868,0x0000000089c80000)
 Metaspace       used 9523K, capacity 9668K, committed 9728K, reserved 1058816K
  class space    used 1208K, capacity 1272K, committed 1280K, reserved 1048576K
Event: 4.239 GC heap after
Heap after GC invocations=6 (full 0):
 PSYoungGen      total 2560K, used 992K [0x00000000d5f80000, 0x00000000d6480000, 0x0000000100000000)
  eden space 1536K, 0% used [0x00000000d5f80000,0x00000000d5f80000,0x00000000d6100000)
  from space 1024K, 96% used [0x00000000d6280000,0x00000000d6378020,0x00000000d6380000)
  to   space 1536K, 0% used [0x00000000d6100000,0x00000000d6100000,0x00000000d6280000)
 ParOldGen       total 129536K, used 898K [0x0000000081e00000, 0x0000000089c80000, 0x00000000d5f80000)
  object space 129536K, 0% used [0x0000000081e00000,0x0000000081ee0878,0x0000000089c80000)
 Metaspace       used 9523K, capacity 9668K, committed 9728K, reserved 1058816K
  class space    used 1208K, capacity 1272K, committed 1280K, reserved 1048576K
}
Event: 4.304 GC heap before
{Heap before GC invocations=7 (full 0):
 PSYoungGen      total 2560K, used 2528K [0x00000000d5f80000, 0x00000000d6480000, 0x0000000100000000)
  eden space 1536K, 100% used [0x00000000d5f80000,0x00000000d6100000,0x00000000d6100000)
  from space 1024K, 96% used [0x00000000d6280000,0x00000000d6378020,0x00000000d6380000)
  to   space 1536K, 0% used [0x00000000d6100000,0x00000000d6100000,0x00000000d6280000)
 ParOldGen       total 129536K, used 898K [0x0000000081e00000, 0x0000000089c80000, 0x00000000d5f80000)
  object space 129536K, 0% used [0x0000000081e00000,0x0000000081ee0878,0x0000000089c80000)
 Metaspace       used 10205K, capacity 10352K, committed 10624K, reserved 1058816K
  class space    used 1317K, capacity 1370K, committed 1408K, reserved 1048576K
Event: 4.306 GC heap after
Heap after GC invocations=7 (full 0):
 PSYoungGen      total 3072K, used 1216K [0x00000000d5f80000, 0x00000000d6580000, 0x0000000100000000)
  eden space 1536K, 0% used [0x00000000d5f80000,0x00000000d5f80000,0x00000000d6100000)
  from space 1536K, 79% used [0x00000000d6100000,0x00000000d6230000,0x00000000d6280000)
  to   space 1536K, 0% used [0x00000000d6400000,0x00000000d6400000,0x00000000d6580000)
 ParOldGen       total 129536K, used 1147K [0x0000000081e00000, 0x0000000089c80000, 0x00000000d5f80000)
  object space 129536K, 0% used [0x0000000081e00000,0x0000000081f1ecb0,0x0000000089c80000)
 Metaspace       used 10205K, capacity 10352K, committed 10624K, reserved 1058816K
  class space    used 1317K, capacity 1370K, committed 1408K, reserved 1048576K
}
Event: 4.555 GC heap before
{Heap before GC invocations=8 (full 0):
 PSYoungGen      total 3072K, used 2752K [0x00000000d5f80000, 0x00000000d6580000, 0x0000000100000000)
  eden space 1536K, 100% used [0x00000000d5f80000,0x00000000d6100000,0x00000000d6100000)
  from space 1536K, 79% used [0x00000000d6100000,0x00000000d6230000,0x00000000d6280000)
  to   space 1536K, 0% used [0x00000000d6400000,0x00000000d6400000,0x00000000d6580000)
 ParOldGen       total 129536K, used 1147K [0x0000000081e00000, 0x0000000089c80000, 0x00000000d5f80000)
  object space 129536K, 0% used [0x0000000081e00000,0x0000000081f1ecb0,0x0000000089c80000)
 Metaspace       used 11191K, capacity 11388K, committed 11520K, reserved 1058816K
  class space    used 1454K, capacity 1500K, committed 1536K, reserved 1048576K
Event: 4.557 GC heap after
Heap after GC invocations=8 (full 0):
 PSYoungGen      total 4608K, used 1362K [0x00000000d5f80000, 0x00000000d6580000, 0x0000000100000000)
  eden space 3072K, 0% used [0x00000000d5f80000,0x00000000d5f80000,0x00000000d6280000)
  from space 1536K, 88% used [0x00000000d6400000,0x00000000d6554ab0,0x00000000d6580000)
  to   space 1536K, 0% used [0x00000000d6280000,0x00000000d6280000,0x00000000d6400000)
 ParOldGen       total 129536K, used 1299K [0x0000000081e00000, 0x0000000089c80000, 0x00000000d5f80000)
  object space 129536K, 1% used [0x0000000081e00000,0x0000000081f44cb0,0x0000000089c80000)
 Metaspace       used 11191K, capacity 11388K, committed 11520K, reserved 1058816K
  class space    used 1454K, capacity 1500K, committed 1536K, reserved 1048576K
}

